{
  "uid" : "b148327bfc8a3870",
  "name" : "test_div[get_div_datas2]",
  "fullName" : "testcase.TestDiv#test_div",
  "historyId" : "20cf75dc88a58efbb82c074e9b780739",
  "time" : {
    "start" : 1609591380973,
    "stop" : 1609591380971,
    "duration" : -2
  },
  "status" : "failed",
  "statusMessage" : "pytest_assume.plugin.FailedAssumption: \n1 Failed Assumptions:\n\ntestcase.py:43: AssumptionFailure\n>>\tpytest.assume(result == get_div_datas[2])\nAssertionError: assert False",
  "statusTrace" : "tp = <class 'pytest_assume.plugin.FailedAssumption'>, value = None, tb = None\n\n    def reraise(tp, value, tb=None):\n        try:\n            if value is None:\n                value = tp()\n            if value.__traceback__ is not tb:\n>               raise value.with_traceback(tb)\nE               pytest_assume.plugin.FailedAssumption: \nE               1 Failed Assumptions:\nE               \nE               testcase.py:43: AssumptionFailure\nE               >>\tpytest.assume(result == get_div_datas[2])\nE               AssertionError: assert False\n\n..\\..\\venv\\lib\\site-packages\\six.py:702: FailedAssumption",
  "flaky" : false,
  "newFailed" : false,
  "beforeStages" : [ {
    "name" : "fix_module",
    "time" : {
      "start" : 1609591371107,
      "stop" : 1609591371108,
      "duration" : 1
    },
    "status" : "passed",
    "steps" : [ {
      "name" : "生成计算器实例",
      "time" : {
        "start" : 1609591371107,
        "stop" : 1609591371107,
        "duration" : 0
      },
      "status" : "passed",
      "steps" : [ ],
      "attachments" : [ ],
      "parameters" : [ ],
      "attachmentsCount" : 0,
      "shouldDisplayMessage" : false,
      "stepsCount" : 0,
      "hasContent" : false
    } ],
    "attachments" : [ ],
    "parameters" : [ ],
    "attachmentsCount" : 0,
    "shouldDisplayMessage" : false,
    "stepsCount" : 1,
    "hasContent" : true
  }, {
    "name" : "get_div_datas",
    "time" : {
      "start" : 1609591371837,
      "stop" : 1609591371837,
      "duration" : 0
    },
    "status" : "passed",
    "steps" : [ ],
    "attachments" : [ ],
    "parameters" : [ ],
    "attachmentsCount" : 0,
    "shouldDisplayMessage" : false,
    "stepsCount" : 0,
    "hasContent" : false
  }, {
    "name" : "xunit_setup_class_fixture_TestDiv",
    "time" : {
      "start" : 1609591371802,
      "stop" : 1609591371803,
      "duration" : 1
    },
    "status" : "passed",
    "steps" : [ ],
    "attachments" : [ ],
    "parameters" : [ ],
    "attachmentsCount" : 0,
    "shouldDisplayMessage" : false,
    "stepsCount" : 0,
    "hasContent" : false
  }, {
    "name" : "fix_method",
    "time" : {
      "start" : 1609591380972,
      "stop" : 1609591380972,
      "duration" : 0
    },
    "status" : "passed",
    "steps" : [ ],
    "attachments" : [ ],
    "parameters" : [ ],
    "attachmentsCount" : 0,
    "shouldDisplayMessage" : false,
    "stepsCount" : 0,
    "hasContent" : false
  } ],
  "testStage" : {
    "status" : "failed",
    "statusMessage" : "pytest_assume.plugin.FailedAssumption: \n1 Failed Assumptions:\n\ntestcase.py:43: AssumptionFailure\n>>\tpytest.assume(result == get_div_datas[2])\nAssertionError: assert False",
    "statusTrace" : "tp = <class 'pytest_assume.plugin.FailedAssumption'>, value = None, tb = None\n\n    def reraise(tp, value, tb=None):\n        try:\n            if value is None:\n                value = tp()\n            if value.__traceback__ is not tb:\n>               raise value.with_traceback(tb)\nE               pytest_assume.plugin.FailedAssumption: \nE               1 Failed Assumptions:\nE               \nE               testcase.py:43: AssumptionFailure\nE               >>\tpytest.assume(result == get_div_datas[2])\nE               AssertionError: assert False\n\n..\\..\\venv\\lib\\site-packages\\six.py:702: FailedAssumption",
    "steps" : [ {
      "name" : "除法验证",
      "time" : {
        "start" : 1609591380973,
        "stop" : 1609591380981,
        "duration" : 8
      },
      "status" : "passed",
      "steps" : [ ],
      "attachments" : [ ],
      "parameters" : [ ],
      "attachmentsCount" : 0,
      "shouldDisplayMessage" : false,
      "stepsCount" : 0,
      "hasContent" : false
    } ],
    "attachments" : [ ],
    "parameters" : [ ],
    "attachmentsCount" : 0,
    "shouldDisplayMessage" : true,
    "stepsCount" : 1,
    "hasContent" : true
  },
  "afterStages" : [ {
    "name" : "fix_module::0",
    "time" : {
      "start" : 1609591387216,
      "stop" : 1609591387216,
      "duration" : 0
    },
    "status" : "passed",
    "steps" : [ ],
    "attachments" : [ ],
    "parameters" : [ ],
    "attachmentsCount" : 0,
    "shouldDisplayMessage" : false,
    "stepsCount" : 0,
    "hasContent" : false
  }, {
    "name" : "get_div_datas::0",
    "time" : {
      "start" : 1609591387185,
      "stop" : 1609591387185,
      "duration" : 0
    },
    "status" : "passed",
    "steps" : [ ],
    "attachments" : [ ],
    "parameters" : [ ],
    "attachmentsCount" : 0,
    "shouldDisplayMessage" : false,
    "stepsCount" : 0,
    "hasContent" : false
  }, {
    "name" : "xunit_setup_class_fixture_TestDiv::0",
    "time" : {
      "start" : 1609591387214,
      "stop" : 1609591387214,
      "duration" : 0
    },
    "status" : "passed",
    "steps" : [ ],
    "attachments" : [ ],
    "parameters" : [ ],
    "attachmentsCount" : 0,
    "shouldDisplayMessage" : false,
    "stepsCount" : 0,
    "hasContent" : false
  }, {
    "name" : "fix_method::0",
    "time" : {
      "start" : 1609591381025,
      "stop" : 1609591381025,
      "duration" : 0
    },
    "status" : "passed",
    "steps" : [ ],
    "attachments" : [ ],
    "parameters" : [ ],
    "attachmentsCount" : 0,
    "shouldDisplayMessage" : false,
    "stepsCount" : 0,
    "hasContent" : false
  } ],
  "labels" : [ {
    "name" : "story",
    "value" : "除法测试"
  }, {
    "name" : "tag",
    "value" : "run(order=4)"
  }, {
    "name" : "tag",
    "value" : "flaky(reruns=5, reruns_delay=3)"
  }, {
    "name" : "suite",
    "value" : "testcase"
  }, {
    "name" : "subSuite",
    "value" : "TestDiv"
  }, {
    "name" : "host",
    "value" : "PC-20150415WRCK"
  }, {
    "name" : "thread",
    "value" : "5644-MainThread"
  }, {
    "name" : "framework",
    "value" : "pytest"
  }, {
    "name" : "language",
    "value" : "cpython3"
  }, {
    "name" : "package",
    "value" : "testcase"
  }, {
    "name" : "resultFormat",
    "value" : "allure2"
  } ],
  "parameters" : [ {
    "name" : "get_div_datas",
    "value" : "[4, 0, 2]"
  } ],
  "links" : [ ],
  "hidden" : true,
  "retry" : true,
  "extra" : {
    "categories" : [ ],
    "tags" : [ "run(order=4)", "flaky(reruns=5, reruns_delay=3)" ]
  },
  "source" : "b148327bfc8a3870.json",
  "parameterValues" : [ "[4, 0, 2]" ]
}